%!Adobe-FontList 1.24
%Locale:0x409

%BeginFont
Handler:DirectoryHandler
FontType:Invalid
OutlineFileName:/Users/chrisvrieze/Bastion Brands Dropbox/02_Clients/CSL - Behring/CSL Ig/CSB9666_Infusion rate guide updates/Production/_Final Art/Packaged Art/CSB9666_PRIVIGEN AU Resource_Hub_Email_AW3.1_FA/Document fonts/AdobeFnt24.lst
FileLength:3382
FileModTime:765423949
%EndFont

%BeginFont
Handler:DirectoryHandler
FontType:TrueType
FontName:Montserrat-Bold
FamilyName:Montserrat
StyleName:Bold
MenuName:Montserrat
StyleBits:2
WeightClass:700
WidthClass:5
AngleClass:0
FullName:Montserrat Bold
WritingScript:Roman
OutlineFileName:/Users/chrisvrieze/Bastion Brands Dropbox/02_Clients/CSL - Behring/CSL Ig/CSB9666_Infusion rate guide updates/Production/_Final Art/Packaged Art/CSB9666_PRIVIGEN AU Resource_Hub_Email_AW3.1_FA/Document fonts/Montserrat-Bold.ttf
DataFormat:sfntData
hasSVG:no
hasSBIX:no
hasCOLR:no
VariableFontType:NonVariableFont
FileLength:198120
FileModTime:716423238
NameArray:0,Win,1,Montserrat
%EndFont

%BeginFont
Handler:DirectoryHandler
FontType:TrueType
FontName:Montserrat-Italic
FamilyName:Montserrat
StyleName:Italic
MenuName:Montserrat
StyleBits:1
WeightClass:400
WidthClass:5
AngleClass:1
FullName:Montserrat Italic
WritingScript:Roman
OutlineFileName:/Users/chrisvrieze/Bastion Brands Dropbox/02_Clients/CSL - Behring/CSL Ig/CSB9666_Infusion rate guide updates/Production/_Final Art/Packaged Art/CSB9666_PRIVIGEN AU Resource_Hub_Email_AW3.1_FA/Document fonts/Montserrat-Italic.ttf
DataFormat:sfntData
hasSVG:no
hasSBIX:no
hasCOLR:no
VariableFontType:NonVariableFont
FileLength:202344
FileModTime:716423238
NameArray:0,Win,1,Montserrat
%EndFont

%BeginFont
Handler:DirectoryHandler
FontType:TrueType
FontName:Montserrat-Light
FamilyName:Montserrat
StyleName:Light
MenuName:Montserrat Light
StyleBits:0
WeightClass:300
WidthClass:5
AngleClass:0
FullName:Montserrat Light
WritingScript:Roman
OutlineFileName:/Users/chrisvrieze/Bastion Brands Dropbox/02_Clients/CSL - Behring/CSL Ig/CSB9666_Infusion rate guide updates/Production/_Final Art/Packaged Art/CSB9666_PRIVIGEN AU Resource_Hub_Email_AW3.1_FA/Document fonts/Montserrat-Light.ttf
DataFormat:sfntData
hasSVG:no
hasSBIX:no
hasCOLR:no
VariableFontType:NonVariableFont
FileLength:197716
FileModTime:716423238
NameArray:0,Win,1,Montserrat Light
NameArray:0,Win,16,Montserrat
%EndFont

%BeginFont
Handler:DirectoryHandler
FontType:TrueType
FontName:Montserrat-Regular
FamilyName:Montserrat
StyleName:Regular
MenuName:Montserrat
StyleBits:0
WeightClass:400
WidthClass:5
AngleClass:0
FullName:Montserrat Regular
WritingScript:Roman
OutlineFileName:/Users/chrisvrieze/Bastion Brands Dropbox/02_Clients/CSL - Behring/CSL Ig/CSB9666_Infusion rate guide updates/Production/_Final Art/Packaged Art/CSB9666_PRIVIGEN AU Resource_Hub_Email_AW3.1_FA/Document fonts/Montserrat-Regular.ttf
DataFormat:sfntData
hasSVG:no
hasSBIX:no
hasCOLR:no
VariableFontType:NonVariableFont
FileLength:197624
FileModTime:716423238
NameArray:0,Win,1,Montserrat
%EndFont

%BeginFont
Handler:DirectoryHandler
FontType:TrueType
FontName:Montserrat-SemiBold
FamilyName:Montserrat
StyleName:SemiBold
MenuName:Montserrat SemiBold
StyleBits:0
WeightClass:600
WidthClass:5
AngleClass:0
FullName:Montserrat SemiBold
WritingScript:Roman
OutlineFileName:/Users/chrisvrieze/Bastion Brands Dropbox/02_Clients/CSL - Behring/CSL Ig/CSB9666_Infusion rate guide updates/Production/_Final Art/Packaged Art/CSB9666_PRIVIGEN AU Resource_Hub_Email_AW3.1_FA/Document fonts/Montserrat-SemiBold.ttf
DataFormat:sfntData
hasSVG:no
hasSBIX:no
hasCOLR:no
VariableFontType:NonVariableFont
FileLength:197964
FileModTime:716423238
NameArray:0,Win,1,Montserrat SemiBold
NameArray:0,Win,16,Montserrat
%EndFont

